[2026-02-08 18:08:47.643] Iter:1 | Active:10 | Closed:174 | Available:1604.10 | Open:19641.64 | PnL:1245.74 | WinRate:91.4%
  CHANGE: Active trades:  -> 10
  CHANGE: Closed trades:  -> 174
  CHANGE: Available capital:  -> 1604.10
  CHANGE: Cumulative PnL:  -> 1245.74
[2026-02-08 18:08:53.740] Iter:2 | Active:10 | Closed:174 | Available:1604.10 | Open:19641.64 | PnL:1245.74 | WinRate:91.4%
[2026-02-08 18:08:58.838] Iter:3 | Active:10 | Closed:174 | Available:1604.10 | Open:19641.64 | PnL:1245.74 | WinRate:91.4%
[2026-02-08 18:09:03.960] Iter:4 | Active:10 | Closed:174 | Available:1604.10 | Open:19641.64 | PnL:1245.74 | WinRate:91.4%
[2026-02-08 18:09:09.322] Iter:5 | Active:10 | Closed:174 | Available:1604.10 | Open:19641.64 | PnL:1245.74 | WinRate:91.4%
[2026-02-08 18:09:14.624] Iter:6 | Active:10 | Closed:174 | Available:1604.10 | Open:19641.64 | PnL:1245.74 | WinRate:91.4%
[2026-02-08 18:09:19.757] Iter:7 | Active:9 | Closed:180 | Available:5434.40 | Open:15949.86 | PnL:1384.27 | WinRate:91.7%
  CHANGE: Active trades: 10 -> 9
  CHANGE: Closed trades: 174 -> 180
  CHANGE: Available capital: 1604.10 -> 5434.40
  CHANGE: Cumulative PnL: 1245.74 -> 1384.27
[2026-02-08 18:09:27.608] Iter:8 | Active:9 | Closed:180 | Available:5434.40 | Open:15949.86 | PnL:1384.27 | WinRate:91.7%
[2026-02-08 18:09:32.731] Iter:9 | Active:10 | Closed:180 | Available:3619.76 | Open:17764.51 | PnL:1384.27 | WinRate:91.7%
  CHANGE: Active trades: 9 -> 10
  CHANGE: Available capital: 5434.40 -> 3619.76
[2026-02-08 18:09:37.854] Iter:10 | Active:8 | Closed:187 | Available:6420.93 | Open:15047.16 | PnL:1468.10 | WinRate:92.0%
  CHANGE: Active trades: 10 -> 8
  CHANGE: Closed trades: 180 -> 187
  CHANGE: Available capital: 3619.76 -> 6420.93
  CHANGE: Cumulative PnL: 1384.27 -> 1468.10
[2026-02-08 18:09:43.641] Iter:11 | Active:8 | Closed:195 | Available:6551.75 | Open:15047.16 | PnL:1598.91 | WinRate:91.8%
  CHANGE: Closed trades: 187 -> 195
  CHANGE: Available capital: 6420.93 -> 6551.75
  CHANGE: Cumulative PnL: 1468.10 -> 1598.91
[2026-02-08 18:09:48.773] Iter:12 | Active:8 | Closed:199 | Available:5169.77 | Open:16520.83 | PnL:1690.60 | WinRate:91.5%
  CHANGE: Closed trades: 195 -> 199
  CHANGE: Available capital: 6551.75 -> 5169.77
  CHANGE: Cumulative PnL: 1598.91 -> 1690.60
[2026-02-08 18:09:53.886] Iter:13 | Active:9 | Closed:201 | Available:2768.34 | Open:18944.08 | PnL:1712.42 | WinRate:91.0%
  CHANGE: Active trades: 8 -> 9
  CHANGE: Closed trades: 199 -> 201
  CHANGE: Available capital: 5169.77 -> 2768.34
  CHANGE: Cumulative PnL: 1690.60 -> 1712.42
[2026-02-08 18:09:58.998] Iter:14 | Active:10 | Closed:203 | Available:1041.40 | Open:20691.50 | PnL:1767.88 | WinRate:90.7%
  CHANGE: Active trades: 9 -> 10
  CHANGE: Closed trades: 201 -> 203
  CHANGE: Available capital: 2768.34 -> 1041.40
  CHANGE: Cumulative PnL: 1712.42 -> 1767.88
[2026-02-08 18:10:04.131] Iter:15 | Active:10 | Closed:208 | Available:1432.92 | Open:20373.86 | PnL:1806.78 | WinRate:90.9%
  CHANGE: Closed trades: 203 -> 208
  CHANGE: Available capital: 1041.40 -> 1432.92
  CHANGE: Cumulative PnL: 1767.88 -> 1806.78
[2026-02-08 18:10:09.320] Iter:16 | Active:10 | Closed:213 | Available:1364.25 | Open:20534.73 | PnL:1898.98 | WinRate:91.1%
  CHANGE: Closed trades: 208 -> 213
  CHANGE: Available capital: 1432.92 -> 1364.25
  CHANGE: Cumulative PnL: 1806.78 -> 1898.98
[2026-02-08 18:10:14.437] Iter:17 | Active:9 | Closed:217 | Available:4129.66 | Open:17853.85 | PnL:1983.51 | WinRate:91.2%
  CHANGE: Active trades: 10 -> 9
  CHANGE: Closed trades: 213 -> 217
  CHANGE: Available capital: 1364.25 -> 4129.66
  CHANGE: Cumulative PnL: 1898.98 -> 1983.51
[2026-02-08 18:10:19.622] Iter:18 | Active:9 | Closed:220 | Available:4174.22 | Open:17853.85 | PnL:2028.07 | WinRate:90.9%
  CHANGE: Closed trades: 217 -> 220
  CHANGE: Available capital: 4129.66 -> 4174.22
  CHANGE: Cumulative PnL: 1983.51 -> 2028.07
[2026-02-08 18:10:24.730] Iter:19 | Active:9 | Closed:224 | Available:4280.07 | Open:17853.85 | PnL:2133.92 | WinRate:91.1%
  CHANGE: Closed trades: 220 -> 224
  CHANGE: Available capital: 4174.22 -> 4280.07
  CHANGE: Cumulative PnL: 2028.07 -> 2133.92
[2026-02-08 18:10:29.873] Iter:20 | Active:11 | Closed:228 | Available:1670.59 | Open:20559.22 | PnL:2229.80 | WinRate:91.2%
  CHANGE: Active trades: 9 -> 11
  CHANGE: Closed trades: 224 -> 228
  CHANGE: Available capital: 4280.07 -> 1670.59
  CHANGE: Cumulative PnL: 2133.92 -> 2229.80
[2026-02-08 18:10:35.240] Iter:21 | Active:10 | Closed:234 | Available:3469.16 | Open:18888.63 | PnL:2357.80 | WinRate:91.5%
  CHANGE: Active trades: 11 -> 10
  CHANGE: Closed trades: 228 -> 234
  CHANGE: Available capital: 1670.59 -> 3469.16
  CHANGE: Cumulative PnL: 2229.80 -> 2357.80
[2026-02-08 18:10:40.400] Iter:22 | Active:10 | Closed:240 | Available:3452.09 | Open:18995.20 | PnL:2447.29 | WinRate:91.2%
  CHANGE: Closed trades: 234 -> 240
  CHANGE: Available capital: 3469.16 -> 3452.09
  CHANGE: Cumulative PnL: 2357.80 -> 2447.29
[2026-02-08 18:10:45.599] Iter:23 | Active:11 | Closed:242 | Available:1748.80 | Open:20744.01 | PnL:2492.81 | WinRate:91.3%
  CHANGE: Active trades: 10 -> 11
  CHANGE: Closed trades: 240 -> 242
  CHANGE: Available capital: 3452.09 -> 1748.80
  CHANGE: Cumulative PnL: 2447.29 -> 2492.81
[2026-02-08 18:10:51.250] Iter:24 | Active:10 | Closed:243 | Available:3726.78 | Open:18761.92 | PnL:2488.70 | WinRate:90.9%
  CHANGE: Active trades: 11 -> 10
  CHANGE: Closed trades: 242 -> 243
  CHANGE: Available capital: 1748.80 -> 3726.78
  CHANGE: Cumulative PnL: 2492.81 -> 2488.70
[2026-02-08 18:10:56.698] Iter:25 | Active:9 | Closed:247 | Available:5601.86 | Open:17013.11 | PnL:2614.97 | WinRate:91.1%
  CHANGE: Active trades: 10 -> 9
  CHANGE: Closed trades: 243 -> 247
  CHANGE: Available capital: 3726.78 -> 5601.86
  CHANGE: Cumulative PnL: 2488.70 -> 2614.97
[2026-02-08 18:11:01.876] Iter:26 | Active:10 | Closed:252 | Available:4336.06 | Open:18446.84 | PnL:2782.90 | WinRate:91.3%
  CHANGE: Active trades: 9 -> 10
  CHANGE: Closed trades: 247 -> 252
  CHANGE: Available capital: 5601.86 -> 4336.06
  CHANGE: Cumulative PnL: 2614.97 -> 2782.90
[2026-02-08 18:11:07.111] Iter:27 | Active:10 | Closed:257 | Available:4481.04 | Open:18446.84 | PnL:2927.89 | WinRate:91.4%
  CHANGE: Closed trades: 252 -> 257
  CHANGE: Available capital: 4336.06 -> 4481.04
  CHANGE: Cumulative PnL: 2782.90 -> 2927.89
[2026-02-08 18:11:12.526] Iter:28 | Active:10 | Closed:262 | Available:4629.14 | Open:18446.84 | PnL:3075.99 | WinRate:91.6%
  CHANGE: Closed trades: 257 -> 262
  CHANGE: Available capital: 4481.04 -> 4629.14
  CHANGE: Cumulative PnL: 2927.89 -> 3075.99
[2026-02-08 18:11:17.642] Iter:29 | Active:10 | Closed:264 | Available:4405.13 | Open:18692.41 | PnL:3097.54 | WinRate:91.3%
  CHANGE: Closed trades: 262 -> 264
  CHANGE: Available capital: 4629.14 -> 4405.13
  CHANGE: Cumulative PnL: 3075.99 -> 3097.54
[2026-02-08 18:11:22.798] Iter:30 | Active:10 | Closed:264 | Available:4405.13 | Open:18692.41 | PnL:3097.54 | WinRate:91.3%
[2026-02-08 18:11:28.051] Iter:31 | Active:11 | Closed:270 | Available:1487.85 | Open:21696.81 | PnL:3209.15 | WinRate:91.5%
  CHANGE: Active trades: 10 -> 11
  CHANGE: Closed trades: 264 -> 270
  CHANGE: Available capital: 4405.13 -> 1487.85
  CHANGE: Cumulative PnL: 3097.54 -> 3209.15
[2026-02-08 18:11:33.206] Iter:32 | Active:11 | Closed:275 | Available:2243.35 | Open:21055.79 | PnL:3299.14 | WinRate:91.6%
  CHANGE: Closed trades: 270 -> 275
  CHANGE: Available capital: 1487.85 -> 2243.35
  CHANGE: Cumulative PnL: 3209.15 -> 3299.14
[2026-02-08 18:11:38.992] Iter:33 | Active:10 | Closed:278 | Available:3099.06 | Open:20236.49 | PnL:3359.09 | WinRate:91.8%
  CHANGE: Active trades: 11 -> 10
  CHANGE: Closed trades: 275 -> 278
  CHANGE: Available capital: 2243.35 -> 3099.06
  CHANGE: Cumulative PnL: 3299.14 -> 3359.09
[2026-02-08 18:11:44.355] Iter:34 | Active:11 | Closed:280 | Available:2271.59 | Open:21119.91 | PnL:3391.49 | WinRate:91.8%
  CHANGE: Active trades: 10 -> 11
  CHANGE: Closed trades: 278 -> 280
  CHANGE: Available capital: 3099.06 -> 2271.59
  CHANGE: Cumulative PnL: 3359.09 -> 3391.49
[2026-02-08 18:11:49.526] Iter:35 | Active:9 | Closed:286 | Available:7462.22 | Open:16071.39 | PnL:3533.61 | WinRate:91.6%
  CHANGE: Active trades: 11 -> 9
  CHANGE: Closed trades: 280 -> 286
  CHANGE: Available capital: 2271.59 -> 7462.22
  CHANGE: Cumulative PnL: 3391.49 -> 3533.61
[2026-02-08 18:11:54.813] Iter:36 | Active:9 | Closed:291 | Available:7704.00 | Open:16071.39 | PnL:3775.39 | WinRate:91.8%
  CHANGE: Closed trades: 286 -> 291
  CHANGE: Available capital: 7462.22 -> 7704.00
  CHANGE: Cumulative PnL: 3533.61 -> 3775.39
[2026-02-08 18:12:00.072] Iter:37 | Active:11 | Closed:295 | Available:2955.23 | Open:20979.47 | PnL:3934.70 | WinRate:91.9%
  CHANGE: Active trades: 9 -> 11
  CHANGE: Closed trades: 291 -> 295
  CHANGE: Available capital: 7704.00 -> 2955.23
  CHANGE: Cumulative PnL: 3775.39 -> 3934.70
[2026-02-08 18:12:05.977] Iter:38 | Active:10 | Closed:298 | Available:6004.18 | Open:18024.24 | PnL:4028.42 | WinRate:91.9%
  CHANGE: Active trades: 11 -> 10
  CHANGE: Closed trades: 295 -> 298
  CHANGE: Available capital: 2955.23 -> 6004.18
  CHANGE: Cumulative PnL: 3934.70 -> 4028.42
[2026-02-08 18:12:11.703] Iter:39 | Active:9 | Closed:305 | Available:7024.02 | Open:17175.55 | PnL:4199.57 | WinRate:91.5%
  CHANGE: Active trades: 10 -> 9
  CHANGE: Closed trades: 298 -> 305
  CHANGE: Available capital: 6004.18 -> 7024.02
  CHANGE: Cumulative PnL: 4028.42 -> 4199.57
[2026-02-08 18:12:17.851] Iter:40 | Active:9 | Closed:309 | Available:7208.54 | Open:17175.55 | PnL:4384.09 | WinRate:91.6%
  CHANGE: Closed trades: 305 -> 309
  CHANGE: Available capital: 7024.02 -> 7208.54
  CHANGE: Cumulative PnL: 4199.57 -> 4384.09
[2026-02-08 18:12:22.982] Iter:41 | Active:11 | Closed:314 | Available:3021.39 | Open:21548.93 | PnL:4570.31 | WinRate:91.7%
  CHANGE: Active trades: 9 -> 11
  CHANGE: Closed trades: 309 -> 314
  CHANGE: Available capital: 7208.54 -> 3021.39
  CHANGE: Cumulative PnL: 4384.09 -> 4570.31
[2026-02-08 18:12:28.201] Iter:42 | Active:9 | Closed:322 | Available:7667.46 | Open:17175.55 | PnL:4843.01 | WinRate:91.6%
  CHANGE: Active trades: 11 -> 9
  CHANGE: Closed trades: 314 -> 322
  CHANGE: Available capital: 3021.39 -> 7667.46
  CHANGE: Cumulative PnL: 4570.31 -> 4843.01
[2026-02-08 18:12:33.371] Iter:43 | Active:10 | Closed:326 | Available:3917.73 | Open:21093.28 | PnL:5011.01 | WinRate:91.7%
  CHANGE: Active trades: 9 -> 10
  CHANGE: Closed trades: 322 -> 326
  CHANGE: Available capital: 7667.46 -> 3917.73
  CHANGE: Cumulative PnL: 4843.01 -> 5011.01
[2026-02-08 18:12:38.505] Iter:44 | Active:9 | Closed:332 | Available:7242.37 | Open:18050.60 | PnL:5292.98 | WinRate:91.9%
  CHANGE: Active trades: 10 -> 9
  CHANGE: Closed trades: 326 -> 332
  CHANGE: Available capital: 3917.73 -> 7242.37
  CHANGE: Cumulative PnL: 5011.01 -> 5292.98
[2026-02-08 18:12:43.680] Iter:45 | Active:9 | Closed:338 | Available:7497.86 | Open:18050.60 | PnL:5548.46 | WinRate:92.0%
  CHANGE: Closed trades: 332 -> 338
  CHANGE: Available capital: 7242.37 -> 7497.86
  CHANGE: Cumulative PnL: 5292.98 -> 5548.46
[2026-02-08 18:12:48.816] Iter:46 | Active:9 | Closed:339 | Available:7551.28 | Open:18050.60 | PnL:5601.88 | WinRate:92.0%
  CHANGE: Closed trades: 338 -> 339
  CHANGE: Available capital: 7497.86 -> 7551.28
  CHANGE: Cumulative PnL: 5548.46 -> 5601.88
[2026-02-08 18:12:53.930] Iter:47 | Active:9 | Closed:339 | Available:7551.28 | Open:18050.60 | PnL:5601.88 | WinRate:92.0%
[2026-02-08 18:12:59.050] Iter:48 | Active:9 | Closed:339 | Available:7551.28 | Open:18050.60 | PnL:5601.88 | WinRate:92.0%
[2026-02-08 18:13:04.192] Iter:49 | Active:9 | Closed:339 | Available:7551.28 | Open:18050.60 | PnL:5601.88 | WinRate:92.0%
[2026-02-08 18:13:09.301] Iter:50 | Active:9 | Closed:339 | Available:7551.28 | Open:18050.60 | PnL:5601.88 | WinRate:92.0%
[2026-02-08 18:13:14.419] Iter:51 | Active:9 | Closed:339 | Available:7551.28 | Open:18050.60 | PnL:5601.88 | WinRate:92.0%
[2026-02-08 18:13:19.582] Iter:52 | Active:9 | Closed:339 | Available:7551.28 | Open:18050.60 | PnL:5601.88 | WinRate:92.0%
[2026-02-08 18:13:24.709] Iter:53 | Active:9 | Closed:339 | Available:7551.28 | Open:18050.60 | PnL:5601.88 | WinRate:92.0%
[2026-02-08 18:13:29.833] Iter:54 | Active:9 | Closed:339 | Available:7551.28 | Open:18050.60 | PnL:5601.88 | WinRate:92.0%
[2026-02-08 18:13:34.984] Iter:55 | Active:9 | Closed:339 | Available:7551.28 | Open:18050.60 | PnL:5601.88 | WinRate:92.0%
[2026-02-08 18:13:40.123] Iter:56 | Active:9 | Closed:339 | Available:7551.28 | Open:18050.60 | PnL:5601.88 | WinRate:92.0%
[2026-02-08 18:13:45.266] Iter:57 | Active:9 | Closed:339 | Available:7551.28 | Open:18050.60 | PnL:5601.88 | WinRate:92.0%
[2026-02-08 18:13:50.395] Iter:58 | Active:9 | Closed:339 | Available:7551.28 | Open:18050.60 | PnL:5601.88 | WinRate:92.0%
[2026-02-08 18:13:55.519] Iter:59 | Active:9 | Closed:339 | Available:7551.28 | Open:18050.60 | PnL:5601.88 | WinRate:92.0%
